<?xml version="1.0" encoding="UTF-8"?>
<testsuite xmlns:xsi="http://www.w3.org/2001/XMLSchema-instance" xsi:noNamespaceSchemaLocation="https://maven.apache.org/surefire/maven-surefire-plugin/xsd/surefire-test-report-3.0.xsd" version="3.0" name="RfTaggerLappsTest" time="7.466" tests="7" errors="0" skipped="0" failures="0">
  <properties>
    <property name="java.specification.version" value="14"/>
    <property name="sun.jnu.encoding" value="UTF-8"/>
    <property name="java.class.path" value="/Users/erikandersen/IdeaProjects/lappsgrid/RfTaggerLapps/target/test-classes:/Users/erikandersen/IdeaProjects/lappsgrid/RfTaggerLapps/target/classes:/Users/erikandersen/.m2/repository/org/lappsgrid/all/2.3.3/all-2.3.3.jar:/Users/erikandersen/.m2/repository/org/lappsgrid/api/2.0.1/api-2.0.1.jar:/Users/erikandersen/.m2/repository/org/lappsgrid/core/2.0.3/core-2.0.3.jar:/Users/erikandersen/.m2/repository/org/lappsgrid/client/2.0.4/client-2.0.4.jar:/Users/erikandersen/.m2/repository/org/lappsgrid/serialization/2.4.0/serialization-2.4.0.jar:/Users/erikandersen/.m2/repository/org/codehaus/groovy/groovy-all/2.4.3/groovy-all-2.4.3.jar:/Users/erikandersen/.m2/repository/com/fasterxml/jackson/core/jackson-databind/2.3.1/jackson-databind-2.3.1.jar:/Users/erikandersen/.m2/repository/com/fasterxml/jackson/core/jackson-annotations/2.3.0/jackson-annotations-2.3.0.jar:/Users/erikandersen/.m2/repository/org/lappsgrid/discriminator/2.3.1/discriminator-2.3.1.jar:/Users/erikandersen/.m2/repository/org/lappsgrid/annotations/1.1.1/annotations-1.1.1.jar:/Users/erikandersen/.m2/repository/org/lappsgrid/metadata/1.1.1/metadata-1.1.1.jar:/Users/erikandersen/.m2/repository/org/lappsgrid/vocabulary/2.3.1/vocabulary-2.3.1.jar:/Users/erikandersen/.m2/repository/org/apache/uima/uimaj-core/2.10.2/uimaj-core-2.10.2.jar:/Users/erikandersen/.m2/repository/org/apache/uima/uimaj-json/2.10.4/uimaj-json-2.10.4.jar:/Users/erikandersen/.m2/repository/com/fasterxml/jackson/core/jackson-core/2.4.2/jackson-core-2.4.2.jar:/Users/erikandersen/.m2/repository/org/apache/uima/uimafit-core/2.5.0/uimafit-core-2.5.0.jar:/Users/erikandersen/.m2/repository/commons-lang/commons-lang/2.6/commons-lang-2.6.jar:/Users/erikandersen/.m2/repository/commons-io/commons-io/2.2/commons-io-2.2.jar:/Users/erikandersen/.m2/repository/commons-logging/commons-logging-api/1.1/commons-logging-api-1.1.jar:/Users/erikandersen/.m2/repository/org/springframework/spring-core/4.3.26.RELEASE/spring-core-4.3.26.RELEASE.jar:/Users/erikandersen/.m2/repository/org/springframework/spring-beans/4.3.26.RELEASE/spring-beans-4.3.26.RELEASE.jar:/Users/erikandersen/.m2/repository/de/tudarmstadt/ukp/dkpro/core/de.tudarmstadt.ukp.dkpro.core.rftagger-asl/1.10.0/de.tudarmstadt.ukp.dkpro.core.rftagger-asl-1.10.0.jar:/Users/erikandersen/.m2/repository/de/tudarmstadt/ukp/dkpro/core/de.tudarmstadt.ukp.dkpro.core.api.metadata-asl/1.10.0/de.tudarmstadt.ukp.dkpro.core.api.metadata-asl-1.10.0.jar:/Users/erikandersen/.m2/repository/org/apache/uima/uimaj-document-annotation/2.10.2/uimaj-document-annotation-2.10.2.jar:/Users/erikandersen/.m2/repository/de/tudarmstadt/ukp/dkpro/core/de.tudarmstadt.ukp.dkpro.core.api.lexmorph-asl/1.10.0/de.tudarmstadt.ukp.dkpro.core.api.lexmorph-asl-1.10.0.jar:/Users/erikandersen/.m2/repository/de/tudarmstadt/ukp/dkpro/core/de.tudarmstadt.ukp.dkpro.core.api.segmentation-asl/1.10.0/de.tudarmstadt.ukp.dkpro.core.api.segmentation-asl-1.10.0.jar:/Users/erikandersen/.m2/repository/de/tudarmstadt/ukp/dkpro/core/de.tudarmstadt.ukp.dkpro.core.api.resources-asl/1.10.0/de.tudarmstadt.ukp.dkpro.core.api.resources-asl-1.10.0.jar:/Users/erikandersen/.m2/repository/org/apache/commons/commons-compress/1.18/commons-compress-1.18.jar:/Users/erikandersen/.m2/repository/org/apache/maven/maven-model/3.0.5/maven-model-3.0.5.jar:/Users/erikandersen/.m2/repository/org/apache/ivy/ivy/2.4.0/ivy-2.4.0.jar:/Users/erikandersen/.m2/repository/org/codehaus/plexus/plexus-utils/2.0.6/plexus-utils-2.0.6.jar:/Users/erikandersen/.m2/repository/org/tukaani/xz/1.8/xz-1.8.jar:/Users/erikandersen/.m2/repository/de/tudarmstadt/ukp/dkpro/core/de.tudarmstadt.ukp.dkpro.core.api.parameter-asl/1.10.0/de.tudarmstadt.ukp.dkpro.core.api.parameter-asl-1.10.0.jar:/Users/erikandersen/.m2/repository/eu/openminted/share/annotations/omtd-share-annotations-api/3.0.2.7/omtd-share-annotations-api-3.0.2.7.jar:/Users/erikandersen/.m2/repository/de/tudarmstadt/ukp/dkpro/core/de.tudarmstadt.ukp.dkpro.core.testing-asl/1.10.0/de.tudarmstadt.ukp.dkpro.core.testing-asl-1.10.0.jar:/Users/erikandersen/.m2/repository/org/apache/commons/commons-lang3/3.8/commons-lang3-3.8.jar:/Users/erikandersen/.m2/repository/de/tudarmstadt/ukp/dkpro/core/de.tudarmstadt.ukp.dkpro.core.api.anomaly-asl/1.10.0/de.tudarmstadt.ukp.dkpro.core.api.anomaly-asl-1.10.0.jar:/Users/erikandersen/.m2/repository/de/tudarmstadt/ukp/dkpro/core/de.tudarmstadt.ukp.dkpro.core.api.coref-asl/1.10.0/de.tudarmstadt.ukp.dkpro.core.api.coref-asl-1.10.0.jar:/Users/erikandersen/.m2/repository/de/tudarmstadt/ukp/dkpro/core/de.tudarmstadt.ukp.dkpro.core.api.syntax-asl/1.10.0/de.tudarmstadt.ukp.dkpro.core.api.syntax-asl-1.10.0.jar:/Users/erikandersen/.m2/repository/de/tudarmstadt/ukp/dkpro/core/de.tudarmstadt.ukp.dkpro.core.api.semantics-asl/1.10.0/de.tudarmstadt.ukp.dkpro.core.api.semantics-asl-1.10.0.jar:/Users/erikandersen/.m2/repository/de/tudarmstadt/ukp/dkpro/core/de.tudarmstadt.ukp.dkpro.core.api.ner-asl/1.10.0/de.tudarmstadt.ukp.dkpro.core.api.ner-asl-1.10.0.jar:/Users/erikandersen/.m2/repository/org/reflections/reflections/0.9.10/reflections-0.9.10.jar:/Users/erikandersen/.m2/repository/org/javassist/javassist/3.19.0-GA/javassist-3.19.0-GA.jar:/Users/erikandersen/.m2/repository/com/google/code/findbugs/annotations/2.0.1/annotations-2.0.1.jar:/Users/erikandersen/.m2/repository/log4j/log4j/1.2.17/log4j-1.2.17.jar:/Users/erikandersen/.m2/repository/org/slf4j/slf4j-log4j12/1.7.25/slf4j-log4j12-1.7.25.jar:/Users/erikandersen/.m2/repository/de/tudarmstadt/ukp/dkpro/core/de.tudarmstadt.ukp.dkpro.core.rftagger-bin/20130430.1/de.tudarmstadt.ukp.dkpro.core.rftagger-bin-20130430.1.jar:/Users/erikandersen/.m2/repository/de/tudarmstadt/ukp/dkpro/core/de.tudarmstadt.ukp.dkpro.core.rftagger-model-morph-cz-cac/20150728.1/de.tudarmstadt.ukp.dkpro.core.rftagger-model-morph-cz-cac-20150728.1.jar:/Users/erikandersen/.m2/repository/de/tudarmstadt/ukp/dkpro/core/de.tudarmstadt.ukp.dkpro.core.rftagger-upstream-morph-cz-cac/20150728/de.tudarmstadt.ukp.dkpro.core.rftagger-upstream-morph-cz-cac-20150728.jar:/Users/erikandersen/.m2/repository/de/tudarmstadt/ukp/dkpro/core/de.tudarmstadt.ukp.dkpro.core.rftagger-model-morph-de-tiger/20150928.1/de.tudarmstadt.ukp.dkpro.core.rftagger-model-morph-de-tiger-20150928.1.jar:/Users/erikandersen/.m2/repository/de/tudarmstadt/ukp/dkpro/core/de.tudarmstadt.ukp.dkpro.core.rftagger-upstream-morph-de-tiger/20150928/de.tudarmstadt.ukp.dkpro.core.rftagger-upstream-morph-de-tiger-20150928.jar:/Users/erikandersen/.m2/repository/de/tudarmstadt/ukp/dkpro/core/de.tudarmstadt.ukp.dkpro.core.rftagger-model-morph-hu-szeged/20150728.1/de.tudarmstadt.ukp.dkpro.core.rftagger-model-morph-hu-szeged-20150728.1.jar:/Users/erikandersen/.m2/repository/de/tudarmstadt/ukp/dkpro/core/de.tudarmstadt.ukp.dkpro.core.rftagger-upstream-morph-hu-szeged/20150728/de.tudarmstadt.ukp.dkpro.core.rftagger-upstream-morph-hu-szeged-20150728.jar:/Users/erikandersen/.m2/repository/de/tudarmstadt/ukp/dkpro/core/de.tudarmstadt.ukp.dkpro.core.rftagger-model-morph-ru-ric/20150728.1/de.tudarmstadt.ukp.dkpro.core.rftagger-model-morph-ru-ric-20150728.1.jar:/Users/erikandersen/.m2/repository/de/tudarmstadt/ukp/dkpro/core/de.tudarmstadt.ukp.dkpro.core.rftagger-upstream-morph-ru-ric/20150728/de.tudarmstadt.ukp.dkpro.core.rftagger-upstream-morph-ru-ric-20150728.jar:/Users/erikandersen/.m2/repository/de/tudarmstadt/ukp/dkpro/core/de.tudarmstadt.ukp.dkpro.core.rftagger-model-morph-sk-snk/20150728.1/de.tudarmstadt.ukp.dkpro.core.rftagger-model-morph-sk-snk-20150728.1.jar:/Users/erikandersen/.m2/repository/de/tudarmstadt/ukp/dkpro/core/de.tudarmstadt.ukp.dkpro.core.rftagger-upstream-morph-sk-snk/20150728/de.tudarmstadt.ukp.dkpro.core.rftagger-upstream-morph-sk-snk-20150728.jar:/Users/erikandersen/.m2/repository/de/tudarmstadt/ukp/dkpro/core/de.tudarmstadt.ukp.dkpro.core.rftagger-model-morph-sl-jos/20150728.1/de.tudarmstadt.ukp.dkpro.core.rftagger-model-morph-sl-jos-20150728.1.jar:/Users/erikandersen/.m2/repository/de/tudarmstadt/ukp/dkpro/core/de.tudarmstadt.ukp.dkpro.core.rftagger-upstream-morph-sl-jos/20150728/de.tudarmstadt.ukp.dkpro.core.rftagger-upstream-morph-sl-jos-20150728.jar:/Users/erikandersen/.m2/repository/junit/junit/4.13/junit-4.13.jar:/Users/erikandersen/.m2/repository/org/hamcrest/hamcrest-core/1.3/hamcrest-core-1.3.jar:/Users/erikandersen/.m2/repository/org/apache/logging/log4j/log4j-api/2.13.3/log4j-api-2.13.3.jar:/Users/erikandersen/.m2/repository/org/apache/logging/log4j/log4j-core/2.13.3/log4j-core-2.13.3.jar:/Users/erikandersen/.m2/repository/org/apache/logging/log4j/log4j-to-slf4j/2.8.2/log4j-to-slf4j-2.8.2.jar:/Users/erikandersen/.m2/repository/org/slf4j/slf4j-api/1.7.24/slf4j-api-1.7.24.jar:/Users/erikandersen/.m2/repository/org/springframework/spring-context/3.0.6.RELEASE/spring-context-3.0.6.RELEASE.jar:/Users/erikandersen/.m2/repository/org/springframework/spring-aop/3.0.6.RELEASE/spring-aop-3.0.6.RELEASE.jar:/Users/erikandersen/.m2/repository/aopalliance/aopalliance/1.0/aopalliance-1.0.jar:/Users/erikandersen/.m2/repository/org/springframework/spring-expression/3.0.6.RELEASE/spring-expression-3.0.6.RELEASE.jar:/Users/erikandersen/.m2/repository/org/springframework/spring-asm/3.0.6.RELEASE/spring-asm-3.0.6.RELEASE.jar:/Users/erikandersen/.m2/repository/net/servicegrid/jp.go.nict.langrid.client/1.0.5/jp.go.nict.langrid.client-1.0.5.jar:/Users/erikandersen/.m2/repository/commons-codec/commons-codec/1.9/commons-codec-1.9.jar:/Users/erikandersen/.m2/repository/net/servicegrid/jp.go.nict.langrid.client.soap/1.0.5/jp.go.nict.langrid.client.soap-1.0.5.jar:/Users/erikandersen/.m2/repository/com/floreysoft/jmte/3.1.1/jmte-3.1.1.jar:/Users/erikandersen/.m2/repository/asm/asm/3.3.1/asm-3.3.1.jar:/Users/erikandersen/.m2/repository/net/servicegrid/jp.go.nict.langrid.servicecontainer/1.0.5/jp.go.nict.langrid.servicecontainer-1.0.5.jar:/Users/erikandersen/.m2/repository/com/google/guava/guava/15.0/guava-15.0.jar:/Users/erikandersen/.m2/repository/net/servicegrid/jp.go.nict.langrid.servicecontainer.handler.axis/1.0.5/jp.go.nict.langrid.servicecontainer.handler.axis-1.0.5.jar:/Users/erikandersen/.m2/repository/javax/mail/javax.mail-api/1.5.2/javax.mail-api-1.5.2.jar:/Users/erikandersen/.m2/repository/org/apache/axis/axis/1.4/axis-1.4.jar:/Users/erikandersen/.m2/repository/net/servicegrid/jp.go.nict.langrid.servicecontainer.handler.protobufrpc/1.0.5/jp.go.nict.langrid.servicecontainer.handler.protobufrpc-1.0.5.jar:/Users/erikandersen/.m2/repository/net/servicegrid/jp.go.nict.langrid.commons.protobufrpc/1.0.5/jp.go.nict.langrid.commons.protobufrpc-1.0.5.jar:/Users/erikandersen/.m2/repository/com/google/protobuf/protobuf-java/2.2.0/protobuf-java-2.2.0.jar:/Users/erikandersen/.m2/repository/net/servicegrid/jp.go.nict.langrid.commons/1.0.5/jp.go.nict.langrid.commons-1.0.5.jar:/Users/erikandersen/.m2/repository/commons-logging/commons-logging/1.1.3/commons-logging-1.1.3.jar:/Users/erikandersen/.m2/repository/commons-discovery/commons-discovery/0.5/commons-discovery-0.5.jar:/Users/erikandersen/.m2/repository/org/apache/axis/axis-jaxrpc/1.4/axis-jaxrpc-1.4.jar:/Users/erikandersen/.m2/repository/org/apache/axis/axis-saaj/1.4/axis-saaj-1.4.jar:/Users/erikandersen/.m2/repository/axis/axis-wsdl4j/1.5.1/axis-wsdl4j-1.5.1.jar:/Users/erikandersen/.m2/repository/javax/activation/activation/1.1.1/activation-1.1.1.jar:/Users/erikandersen/.m2/repository/javax/mail/mail/1.4.7/mail-1.4.7.jar:/Users/erikandersen/.m2/repository/ch/qos/logback/logback-core/1.0.11/logback-core-1.0.11.jar:/Users/erikandersen/.m2/repository/ch/qos/logback/logback-classic/1.0.11/logback-classic-1.0.11.jar:"/>
    <property name="java.vm.vendor" value="Oracle Corporation"/>
    <property name="sun.arch.data.model" value="64"/>
    <property name="java.vendor.url" value="https://java.oracle.com/"/>
    <property name="os.name" value="Mac OS X"/>
    <property name="java.vm.specification.version" value="14"/>
    <property name="sun.java.launcher" value="SUN_STANDARD"/>
    <property name="user.country" value="US"/>
    <property name="sun.boot.library.path" value="/Library/Java/JavaVirtualMachines/jdk-14.0.1.jdk/Contents/Home/lib"/>
    <property name="sun.java.command" value="/Users/erikandersen/IdeaProjects/lappsgrid/RfTaggerLapps/target/surefire/surefirebooter10115513154568888172.jar /Users/erikandersen/IdeaProjects/lappsgrid/RfTaggerLapps/target/surefire 2020-08-19T23-50-11_791-jvmRun1 surefire7482736691201104008tmp surefire_08447436395577892963tmp"/>
    <property name="http.nonProxyHosts" value="local|*.local|169.254/16|*.169.254/16"/>
    <property name="jdk.debug" value="release"/>
    <property name="surefire.test.class.path" value="/Users/erikandersen/IdeaProjects/lappsgrid/RfTaggerLapps/target/test-classes:/Users/erikandersen/IdeaProjects/lappsgrid/RfTaggerLapps/target/classes:/Users/erikandersen/.m2/repository/org/lappsgrid/all/2.3.3/all-2.3.3.jar:/Users/erikandersen/.m2/repository/org/lappsgrid/api/2.0.1/api-2.0.1.jar:/Users/erikandersen/.m2/repository/org/lappsgrid/core/2.0.3/core-2.0.3.jar:/Users/erikandersen/.m2/repository/org/lappsgrid/client/2.0.4/client-2.0.4.jar:/Users/erikandersen/.m2/repository/org/lappsgrid/serialization/2.4.0/serialization-2.4.0.jar:/Users/erikandersen/.m2/repository/org/codehaus/groovy/groovy-all/2.4.3/groovy-all-2.4.3.jar:/Users/erikandersen/.m2/repository/com/fasterxml/jackson/core/jackson-databind/2.3.1/jackson-databind-2.3.1.jar:/Users/erikandersen/.m2/repository/com/fasterxml/jackson/core/jackson-annotations/2.3.0/jackson-annotations-2.3.0.jar:/Users/erikandersen/.m2/repository/org/lappsgrid/discriminator/2.3.1/discriminator-2.3.1.jar:/Users/erikandersen/.m2/repository/org/lappsgrid/annotations/1.1.1/annotations-1.1.1.jar:/Users/erikandersen/.m2/repository/org/lappsgrid/metadata/1.1.1/metadata-1.1.1.jar:/Users/erikandersen/.m2/repository/org/lappsgrid/vocabulary/2.3.1/vocabulary-2.3.1.jar:/Users/erikandersen/.m2/repository/org/apache/uima/uimaj-core/2.10.2/uimaj-core-2.10.2.jar:/Users/erikandersen/.m2/repository/org/apache/uima/uimaj-json/2.10.4/uimaj-json-2.10.4.jar:/Users/erikandersen/.m2/repository/com/fasterxml/jackson/core/jackson-core/2.4.2/jackson-core-2.4.2.jar:/Users/erikandersen/.m2/repository/org/apache/uima/uimafit-core/2.5.0/uimafit-core-2.5.0.jar:/Users/erikandersen/.m2/repository/commons-lang/commons-lang/2.6/commons-lang-2.6.jar:/Users/erikandersen/.m2/repository/commons-io/commons-io/2.2/commons-io-2.2.jar:/Users/erikandersen/.m2/repository/commons-logging/commons-logging-api/1.1/commons-logging-api-1.1.jar:/Users/erikandersen/.m2/repository/org/springframework/spring-core/4.3.26.RELEASE/spring-core-4.3.26.RELEASE.jar:/Users/erikandersen/.m2/repository/org/springframework/spring-beans/4.3.26.RELEASE/spring-beans-4.3.26.RELEASE.jar:/Users/erikandersen/.m2/repository/de/tudarmstadt/ukp/dkpro/core/de.tudarmstadt.ukp.dkpro.core.rftagger-asl/1.10.0/de.tudarmstadt.ukp.dkpro.core.rftagger-asl-1.10.0.jar:/Users/erikandersen/.m2/repository/de/tudarmstadt/ukp/dkpro/core/de.tudarmstadt.ukp.dkpro.core.api.metadata-asl/1.10.0/de.tudarmstadt.ukp.dkpro.core.api.metadata-asl-1.10.0.jar:/Users/erikandersen/.m2/repository/org/apache/uima/uimaj-document-annotation/2.10.2/uimaj-document-annotation-2.10.2.jar:/Users/erikandersen/.m2/repository/de/tudarmstadt/ukp/dkpro/core/de.tudarmstadt.ukp.dkpro.core.api.lexmorph-asl/1.10.0/de.tudarmstadt.ukp.dkpro.core.api.lexmorph-asl-1.10.0.jar:/Users/erikandersen/.m2/repository/de/tudarmstadt/ukp/dkpro/core/de.tudarmstadt.ukp.dkpro.core.api.segmentation-asl/1.10.0/de.tudarmstadt.ukp.dkpro.core.api.segmentation-asl-1.10.0.jar:/Users/erikandersen/.m2/repository/de/tudarmstadt/ukp/dkpro/core/de.tudarmstadt.ukp.dkpro.core.api.resources-asl/1.10.0/de.tudarmstadt.ukp.dkpro.core.api.resources-asl-1.10.0.jar:/Users/erikandersen/.m2/repository/org/apache/commons/commons-compress/1.18/commons-compress-1.18.jar:/Users/erikandersen/.m2/repository/org/apache/maven/maven-model/3.0.5/maven-model-3.0.5.jar:/Users/erikandersen/.m2/repository/org/apache/ivy/ivy/2.4.0/ivy-2.4.0.jar:/Users/erikandersen/.m2/repository/org/codehaus/plexus/plexus-utils/2.0.6/plexus-utils-2.0.6.jar:/Users/erikandersen/.m2/repository/org/tukaani/xz/1.8/xz-1.8.jar:/Users/erikandersen/.m2/repository/de/tudarmstadt/ukp/dkpro/core/de.tudarmstadt.ukp.dkpro.core.api.parameter-asl/1.10.0/de.tudarmstadt.ukp.dkpro.core.api.parameter-asl-1.10.0.jar:/Users/erikandersen/.m2/repository/eu/openminted/share/annotations/omtd-share-annotations-api/3.0.2.7/omtd-share-annotations-api-3.0.2.7.jar:/Users/erikandersen/.m2/repository/de/tudarmstadt/ukp/dkpro/core/de.tudarmstadt.ukp.dkpro.core.testing-asl/1.10.0/de.tudarmstadt.ukp.dkpro.core.testing-asl-1.10.0.jar:/Users/erikandersen/.m2/repository/org/apache/commons/commons-lang3/3.8/commons-lang3-3.8.jar:/Users/erikandersen/.m2/repository/de/tudarmstadt/ukp/dkpro/core/de.tudarmstadt.ukp.dkpro.core.api.anomaly-asl/1.10.0/de.tudarmstadt.ukp.dkpro.core.api.anomaly-asl-1.10.0.jar:/Users/erikandersen/.m2/repository/de/tudarmstadt/ukp/dkpro/core/de.tudarmstadt.ukp.dkpro.core.api.coref-asl/1.10.0/de.tudarmstadt.ukp.dkpro.core.api.coref-asl-1.10.0.jar:/Users/erikandersen/.m2/repository/de/tudarmstadt/ukp/dkpro/core/de.tudarmstadt.ukp.dkpro.core.api.syntax-asl/1.10.0/de.tudarmstadt.ukp.dkpro.core.api.syntax-asl-1.10.0.jar:/Users/erikandersen/.m2/repository/de/tudarmstadt/ukp/dkpro/core/de.tudarmstadt.ukp.dkpro.core.api.semantics-asl/1.10.0/de.tudarmstadt.ukp.dkpro.core.api.semantics-asl-1.10.0.jar:/Users/erikandersen/.m2/repository/de/tudarmstadt/ukp/dkpro/core/de.tudarmstadt.ukp.dkpro.core.api.ner-asl/1.10.0/de.tudarmstadt.ukp.dkpro.core.api.ner-asl-1.10.0.jar:/Users/erikandersen/.m2/repository/org/reflections/reflections/0.9.10/reflections-0.9.10.jar:/Users/erikandersen/.m2/repository/org/javassist/javassist/3.19.0-GA/javassist-3.19.0-GA.jar:/Users/erikandersen/.m2/repository/com/google/code/findbugs/annotations/2.0.1/annotations-2.0.1.jar:/Users/erikandersen/.m2/repository/log4j/log4j/1.2.17/log4j-1.2.17.jar:/Users/erikandersen/.m2/repository/org/slf4j/slf4j-log4j12/1.7.25/slf4j-log4j12-1.7.25.jar:/Users/erikandersen/.m2/repository/de/tudarmstadt/ukp/dkpro/core/de.tudarmstadt.ukp.dkpro.core.rftagger-bin/20130430.1/de.tudarmstadt.ukp.dkpro.core.rftagger-bin-20130430.1.jar:/Users/erikandersen/.m2/repository/de/tudarmstadt/ukp/dkpro/core/de.tudarmstadt.ukp.dkpro.core.rftagger-model-morph-cz-cac/20150728.1/de.tudarmstadt.ukp.dkpro.core.rftagger-model-morph-cz-cac-20150728.1.jar:/Users/erikandersen/.m2/repository/de/tudarmstadt/ukp/dkpro/core/de.tudarmstadt.ukp.dkpro.core.rftagger-upstream-morph-cz-cac/20150728/de.tudarmstadt.ukp.dkpro.core.rftagger-upstream-morph-cz-cac-20150728.jar:/Users/erikandersen/.m2/repository/de/tudarmstadt/ukp/dkpro/core/de.tudarmstadt.ukp.dkpro.core.rftagger-model-morph-de-tiger/20150928.1/de.tudarmstadt.ukp.dkpro.core.rftagger-model-morph-de-tiger-20150928.1.jar:/Users/erikandersen/.m2/repository/de/tudarmstadt/ukp/dkpro/core/de.tudarmstadt.ukp.dkpro.core.rftagger-upstream-morph-de-tiger/20150928/de.tudarmstadt.ukp.dkpro.core.rftagger-upstream-morph-de-tiger-20150928.jar:/Users/erikandersen/.m2/repository/de/tudarmstadt/ukp/dkpro/core/de.tudarmstadt.ukp.dkpro.core.rftagger-model-morph-hu-szeged/20150728.1/de.tudarmstadt.ukp.dkpro.core.rftagger-model-morph-hu-szeged-20150728.1.jar:/Users/erikandersen/.m2/repository/de/tudarmstadt/ukp/dkpro/core/de.tudarmstadt.ukp.dkpro.core.rftagger-upstream-morph-hu-szeged/20150728/de.tudarmstadt.ukp.dkpro.core.rftagger-upstream-morph-hu-szeged-20150728.jar:/Users/erikandersen/.m2/repository/de/tudarmstadt/ukp/dkpro/core/de.tudarmstadt.ukp.dkpro.core.rftagger-model-morph-ru-ric/20150728.1/de.tudarmstadt.ukp.dkpro.core.rftagger-model-morph-ru-ric-20150728.1.jar:/Users/erikandersen/.m2/repository/de/tudarmstadt/ukp/dkpro/core/de.tudarmstadt.ukp.dkpro.core.rftagger-upstream-morph-ru-ric/20150728/de.tudarmstadt.ukp.dkpro.core.rftagger-upstream-morph-ru-ric-20150728.jar:/Users/erikandersen/.m2/repository/de/tudarmstadt/ukp/dkpro/core/de.tudarmstadt.ukp.dkpro.core.rftagger-model-morph-sk-snk/20150728.1/de.tudarmstadt.ukp.dkpro.core.rftagger-model-morph-sk-snk-20150728.1.jar:/Users/erikandersen/.m2/repository/de/tudarmstadt/ukp/dkpro/core/de.tudarmstadt.ukp.dkpro.core.rftagger-upstream-morph-sk-snk/20150728/de.tudarmstadt.ukp.dkpro.core.rftagger-upstream-morph-sk-snk-20150728.jar:/Users/erikandersen/.m2/repository/de/tudarmstadt/ukp/dkpro/core/de.tudarmstadt.ukp.dkpro.core.rftagger-model-morph-sl-jos/20150728.1/de.tudarmstadt.ukp.dkpro.core.rftagger-model-morph-sl-jos-20150728.1.jar:/Users/erikandersen/.m2/repository/de/tudarmstadt/ukp/dkpro/core/de.tudarmstadt.ukp.dkpro.core.rftagger-upstream-morph-sl-jos/20150728/de.tudarmstadt.ukp.dkpro.core.rftagger-upstream-morph-sl-jos-20150728.jar:/Users/erikandersen/.m2/repository/junit/junit/4.13/junit-4.13.jar:/Users/erikandersen/.m2/repository/org/hamcrest/hamcrest-core/1.3/hamcrest-core-1.3.jar:/Users/erikandersen/.m2/repository/org/apache/logging/log4j/log4j-api/2.13.3/log4j-api-2.13.3.jar:/Users/erikandersen/.m2/repository/org/apache/logging/log4j/log4j-core/2.13.3/log4j-core-2.13.3.jar:/Users/erikandersen/.m2/repository/org/apache/logging/log4j/log4j-to-slf4j/2.8.2/log4j-to-slf4j-2.8.2.jar:/Users/erikandersen/.m2/repository/org/slf4j/slf4j-api/1.7.24/slf4j-api-1.7.24.jar:/Users/erikandersen/.m2/repository/org/springframework/spring-context/3.0.6.RELEASE/spring-context-3.0.6.RELEASE.jar:/Users/erikandersen/.m2/repository/org/springframework/spring-aop/3.0.6.RELEASE/spring-aop-3.0.6.RELEASE.jar:/Users/erikandersen/.m2/repository/aopalliance/aopalliance/1.0/aopalliance-1.0.jar:/Users/erikandersen/.m2/repository/org/springframework/spring-expression/3.0.6.RELEASE/spring-expression-3.0.6.RELEASE.jar:/Users/erikandersen/.m2/repository/org/springframework/spring-asm/3.0.6.RELEASE/spring-asm-3.0.6.RELEASE.jar:/Users/erikandersen/.m2/repository/net/servicegrid/jp.go.nict.langrid.client/1.0.5/jp.go.nict.langrid.client-1.0.5.jar:/Users/erikandersen/.m2/repository/commons-codec/commons-codec/1.9/commons-codec-1.9.jar:/Users/erikandersen/.m2/repository/net/servicegrid/jp.go.nict.langrid.client.soap/1.0.5/jp.go.nict.langrid.client.soap-1.0.5.jar:/Users/erikandersen/.m2/repository/com/floreysoft/jmte/3.1.1/jmte-3.1.1.jar:/Users/erikandersen/.m2/repository/asm/asm/3.3.1/asm-3.3.1.jar:/Users/erikandersen/.m2/repository/net/servicegrid/jp.go.nict.langrid.servicecontainer/1.0.5/jp.go.nict.langrid.servicecontainer-1.0.5.jar:/Users/erikandersen/.m2/repository/com/google/guava/guava/15.0/guava-15.0.jar:/Users/erikandersen/.m2/repository/net/servicegrid/jp.go.nict.langrid.servicecontainer.handler.axis/1.0.5/jp.go.nict.langrid.servicecontainer.handler.axis-1.0.5.jar:/Users/erikandersen/.m2/repository/javax/mail/javax.mail-api/1.5.2/javax.mail-api-1.5.2.jar:/Users/erikandersen/.m2/repository/org/apache/axis/axis/1.4/axis-1.4.jar:/Users/erikandersen/.m2/repository/net/servicegrid/jp.go.nict.langrid.servicecontainer.handler.protobufrpc/1.0.5/jp.go.nict.langrid.servicecontainer.handler.protobufrpc-1.0.5.jar:/Users/erikandersen/.m2/repository/net/servicegrid/jp.go.nict.langrid.commons.protobufrpc/1.0.5/jp.go.nict.langrid.commons.protobufrpc-1.0.5.jar:/Users/erikandersen/.m2/repository/com/google/protobuf/protobuf-java/2.2.0/protobuf-java-2.2.0.jar:/Users/erikandersen/.m2/repository/net/servicegrid/jp.go.nict.langrid.commons/1.0.5/jp.go.nict.langrid.commons-1.0.5.jar:/Users/erikandersen/.m2/repository/commons-logging/commons-logging/1.1.3/commons-logging-1.1.3.jar:/Users/erikandersen/.m2/repository/commons-discovery/commons-discovery/0.5/commons-discovery-0.5.jar:/Users/erikandersen/.m2/repository/org/apache/axis/axis-jaxrpc/1.4/axis-jaxrpc-1.4.jar:/Users/erikandersen/.m2/repository/org/apache/axis/axis-saaj/1.4/axis-saaj-1.4.jar:/Users/erikandersen/.m2/repository/axis/axis-wsdl4j/1.5.1/axis-wsdl4j-1.5.1.jar:/Users/erikandersen/.m2/repository/javax/activation/activation/1.1.1/activation-1.1.1.jar:/Users/erikandersen/.m2/repository/javax/mail/mail/1.4.7/mail-1.4.7.jar:/Users/erikandersen/.m2/repository/ch/qos/logback/logback-core/1.0.11/logback-core-1.0.11.jar:/Users/erikandersen/.m2/repository/ch/qos/logback/logback-classic/1.0.11/logback-classic-1.0.11.jar:"/>
    <property name="sun.cpu.endian" value="little"/>
    <property name="user.home" value="/Users/erikandersen"/>
    <property name="user.language" value="en"/>
    <property name="java.specification.vendor" value="Oracle Corporation"/>
    <property name="java.version.date" value="2020-04-14"/>
    <property name="java.home" value="/Library/Java/JavaVirtualMachines/jdk-14.0.1.jdk/Contents/Home"/>
    <property name="file.separator" value="/"/>
    <property name="basedir" value="/Users/erikandersen/IdeaProjects/lappsgrid/RfTaggerLapps"/>
    <property name="java.vm.compressedOopsMode" value="Zero based"/>
    <property name="line.separator" value="&#10;"/>
    <property name="java.specification.name" value="Java Platform API Specification"/>
    <property name="java.vm.specification.vendor" value="Oracle Corporation"/>
    <property name="surefire.real.class.path" value="/Users/erikandersen/IdeaProjects/lappsgrid/RfTaggerLapps/target/surefire/surefirebooter10115513154568888172.jar"/>
    <property name="sun.management.compiler" value="HotSpot 64-Bit Tiered Compilers"/>
    <property name="ftp.nonProxyHosts" value="local|*.local|169.254/16|*.169.254/16"/>
    <property name="java.runtime.version" value="14.0.1+7"/>
    <property name="user.name" value="erikandersen"/>
    <property name="path.separator" value=":"/>
    <property name="os.version" value="10.15.4"/>
    <property name="java.runtime.name" value="Java(TM) SE Runtime Environment"/>
    <property name="file.encoding" value="UTF-8"/>
    <property name="java.vm.name" value="Java HotSpot(TM) 64-Bit Server VM"/>
    <property name="localRepository" value="/Users/erikandersen/.m2/repository"/>
    <property name="java.vendor.url.bug" value="https://bugreport.java.com/bugreport/"/>
    <property name="java.io.tmpdir" value="/var/folders/py/4lz2f5bn4055sndkxv1p5k6r0000gn/T/"/>
    <property name="java.version" value="14.0.1"/>
    <property name="user.dir" value="/Users/erikandersen/IdeaProjects/lappsgrid/RfTaggerLapps"/>
    <property name="os.arch" value="x86_64"/>
    <property name="java.vm.specification.name" value="Java Virtual Machine Specification"/>
    <property name="java.library.path" value="/Users/erikandersen/Library/Java/Extensions:/Library/Java/Extensions:/Network/Library/Java/Extensions:/System/Library/Java/Extensions:/usr/lib/java:."/>
    <property name="java.vm.info" value="mixed mode, sharing"/>
    <property name="java.vendor" value="Oracle Corporation"/>
    <property name="java.vm.version" value="14.0.1+7"/>
    <property name="sun.io.unicode.encoding" value="UnicodeBig"/>
    <property name="socksNonProxyHosts" value="local|*.local|169.254/16|*.169.254/16"/>
    <property name="java.class.version" value="58.0"/>
  </properties>
  <testcase name="testCzech" classname="RfTaggerLappsTest" time="1.643"/>
  <testcase name="testMetadata" classname="RfTaggerLappsTest" time="0.013"/>
  <testcase name="testRussian" classname="RfTaggerLappsTest" time="1.072"/>
  <testcase name="testHungarian" classname="RfTaggerLappsTest" time="0.504"/>
  <testcase name="testGerman" classname="RfTaggerLappsTest" time="1.924"/>
  <testcase name="testSlovak" classname="RfTaggerLappsTest" time="1.931"/>
  <testcase name="testSlovene" classname="RfTaggerLappsTest" time="0.341"/>
</testsuite>